[debug] [2022-11-10T17:01:23.938Z] ----------------------------------------------------------------------
[debug] [2022-11-10T17:01:23.943Z] Command:       C:\Program Files\nodejs\node.exe C:\Users\User\AppData\Roaming\npm\node_modules\firebase-tools\lib\bin\firebase.js init
[debug] [2022-11-10T17:01:23.944Z] CLI Version:   11.15.0
[debug] [2022-11-10T17:01:23.944Z] Platform:      win32
[debug] [2022-11-10T17:01:23.944Z] Node Version:  v16.17.0
[debug] [2022-11-10T17:01:23.984Z] Time:          Thu Nov 10 2022 23:01:23 GMT+0600 (Bangladesh Standard Time)
[debug] [2022-11-10T17:01:23.985Z] ----------------------------------------------------------------------
[debug] 
[debug] [2022-11-10T17:01:23.992Z] >>> [apiv2][query] GET https://firebase-public.firebaseio.com/cli.json [none]
[debug] [2022-11-10T17:01:24.036Z] > command requires scopes: ["email","openid","https://www.googleapis.com/auth/cloudplatformprojects.readonly","https://www.googleapis.com/auth/firebase","https://www.googleapis.com/auth/cloud-platform"]
[debug] [2022-11-10T17:01:24.037Z] > authorizing via signed-in user (36fahad@gmail.com)
[info] 
     ######## #### ########  ######## ########     ###     ######  ########
     ##        ##  ##     ## ##       ##     ##  ##   ##  ##       ##
     ######    ##  ########  ######   ########  #########  ######  ######
     ##        ##  ##    ##  ##       ##     ## ##     ##       ## ##
     ##       #### ##     ## ######## ########  ##     ##  ######  ########

You're about to initialize a Firebase project in this directory:

  C:\xampp\htdocs\programming-hero\44. Assignment-11\front-end

Before we get started, keep in mind:

  * You are currently outside your home directory

[debug] [2022-11-10T17:01:25.365Z] <<< [apiv2][status] GET https://firebase-public.firebaseio.com/cli.json 200
[debug] [2022-11-10T17:01:25.365Z] <<< [apiv2][body] GET https://firebase-public.firebaseio.com/cli.json {"cloudBuildErrorAfter":1594252800000,"cloudBuildWarnAfter":1590019200000,"defaultNode10After":1594252800000,"minVersion":"3.0.5","node8DeploysDisabledAfter":1613390400000,"node8RuntimeDisabledAfter":1615809600000,"node8WarnAfter":1600128000000}
